<?xml version="1.0" encoding="utf-8"?>
<TestRun id="7caf7732-dfb3-446a-b665-03284a897583" name="@Amiths-MBP 2023-04-05 04:44:37" xmlns="http://microsoft.com/schemas/VisualStudio/TeamTest/2010">
  <Times creation="2023-04-05T04:44:37.2456580-07:00" queuing="2023-04-05T04:44:37.2456580-07:00" start="2023-04-05T04:44:34.7967560-07:00" finish="2023-04-05T04:44:37.2826790-07:00" />
  <TestSettings name="default" id="c39dc9fa-33e1-421f-a5d7-81a84ead3451">
    <Deployment runDeploymentRoot="_Amiths-MBP_2023-04-05_04_44_37" />
  </TestSettings>
  <Results>
    <UnitTestResult executionId="caa043fa-8661-49b3-8118-9cd43e4b85bd" testId="7a204d29-941c-7c73-240c-cc09f5f126a8" testName="BankingSystemModelingUnitTesting.BankingSystemUnitTests.Withdraw_ValidUser_ValidAccount_InvalidDepositAmount_Returns400BadRequestStatus(withdrawalStatus: InvalidAccount)" computerName="Amiths-MBP" duration="00:00:00.0036011" startTime="2023-04-05T04:44:37.1470580-07:00" endTime="2023-04-05T04:44:37.1470590-07:00" testType="13cdc9d9-ddb5-4fa4-a97d-d965ccfc6d4b" outcome="Passed" testListId="8c84fa94-04c1-424b-9868-57a2d4851a1d" relativeResultsDirectory="caa043fa-8661-49b3-8118-9cd43e4b85bd" />
    <UnitTestResult executionId="b76b910e-09af-407a-9171-1f56c14c5371" testId="6d031505-34e9-0cfc-a2ad-2dc1ed7ce0ec" testName="BankingSystemModelingUnitTesting.BankingSystemUnitTests.BankingSystemTest_Get_ShouldCallDataSourceOnce" computerName="Amiths-MBP" duration="00:00:00.0042959" startTime="2023-04-05T04:44:37.1818460-07:00" endTime="2023-04-05T04:44:37.1818470-07:00" testType="13cdc9d9-ddb5-4fa4-a97d-d965ccfc6d4b" outcome="Passed" testListId="8c84fa94-04c1-424b-9868-57a2d4851a1d" relativeResultsDirectory="b76b910e-09af-407a-9171-1f56c14c5371" />
    <UnitTestResult executionId="a0dedfc2-efa5-4817-9e17-e93927399b7e" testId="956c967e-7f66-6749-cfd4-da743d850d61" testName="BankingSystemModelingUnitTesting.BankingSystemUnitTests.Deposit_ValidUser_ValidAccount_InvalidDepositAmount_Returns400BadRequestStatus(depositStatus: InvalidData)" computerName="Amiths-MBP" duration="00:00:00.0020466" startTime="2023-04-05T04:44:37.1422320-07:00" endTime="2023-04-05T04:44:37.1422330-07:00" testType="13cdc9d9-ddb5-4fa4-a97d-d965ccfc6d4b" outcome="Passed" testListId="8c84fa94-04c1-424b-9868-57a2d4851a1d" relativeResultsDirectory="a0dedfc2-efa5-4817-9e17-e93927399b7e" />
    <UnitTestResult executionId="44ea30c6-9159-4189-8f78-dea31c8cda84" testId="7e2baa7f-2445-fefc-a1d8-edecf4a4a734" testName="BankingSystemModelingUnitTesting.BankingSystemUnitTests.Withdraw_ValidUser_ValidAccount_ValidWithdrawAmount_Returns200OKStatus" computerName="Amiths-MBP" duration="00:00:00.1279386" startTime="2023-04-05T04:44:37.1344230-07:00" endTime="2023-04-05T04:44:37.1344590-07:00" testType="13cdc9d9-ddb5-4fa4-a97d-d965ccfc6d4b" outcome="Passed" testListId="8c84fa94-04c1-424b-9868-57a2d4851a1d" relativeResultsDirectory="44ea30c6-9159-4189-8f78-dea31c8cda84" />
    <UnitTestResult executionId="5fdc76e3-9ea7-42ce-aa9a-f4ab93b7d39d" testId="bed4b0d2-be9e-ac53-5585-3bf7b580bbf6" testName="BankingSystemModelingUnitTesting.BankingSystemUnitTests.Deposit_ValidUser_ValidAccount_InvalidDepositAmount_Returns400BadRequestStatus(depositStatus: InvalidDepositAmount)" computerName="Amiths-MBP" duration="00:00:00.0005569" startTime="2023-04-05T04:44:37.1433690-07:00" endTime="2023-04-05T04:44:37.1433690-07:00" testType="13cdc9d9-ddb5-4fa4-a97d-d965ccfc6d4b" outcome="Passed" testListId="8c84fa94-04c1-424b-9868-57a2d4851a1d" relativeResultsDirectory="5fdc76e3-9ea7-42ce-aa9a-f4ab93b7d39d" />
    <UnitTestResult executionId="b85a4e80-4db4-4ebc-8a50-c1207f6b14b6" testId="f9066448-9e2e-5ed4-2ca2-f902aaa079dc" testName="BankingSystemModelingUnitTesting.BankingSystemUnitTests.GetAccounts_InvalidAccount_Returns404NotFoundStatus" computerName="Amiths-MBP" duration="00:00:00.0002062" startTime="2023-04-05T04:44:37.1818830-07:00" endTime="2023-04-05T04:44:37.1818830-07:00" testType="13cdc9d9-ddb5-4fa4-a97d-d965ccfc6d4b" outcome="Passed" testListId="8c84fa94-04c1-424b-9868-57a2d4851a1d" relativeResultsDirectory="b85a4e80-4db4-4ebc-8a50-c1207f6b14b6" />
    <UnitTestResult executionId="a3c17a0c-af8f-4c2e-bc75-fb3f313e82c9" testId="6222f215-46c1-be3c-ddb8-ad9284f850e1" testName="BankingSystemModelingUnitTesting.BankingSystemUnitTests.DeleteAccount_AnyUser_AnyAccount_NonZeroBalanceInAccountToBeDeleted_Returns400BadRequestStatus(bankTransactionStatus: NonZeroBalance)" computerName="Amiths-MBP" duration="00:00:00.0008514" startTime="2023-04-05T04:44:37.1816330-07:00" endTime="2023-04-05T04:44:37.1816330-07:00" testType="13cdc9d9-ddb5-4fa4-a97d-d965ccfc6d4b" outcome="Passed" testListId="8c84fa94-04c1-424b-9868-57a2d4851a1d" relativeResultsDirectory="a3c17a0c-af8f-4c2e-bc75-fb3f313e82c9" />
    <UnitTestResult executionId="898bfa16-d921-4dfa-8ec9-fbf5cd87d8ec" testId="f9c54630-1cfc-362d-78e8-51e14782d0e1" testName="BankingSystemModelingUnitTesting.BankingSystemUnitTests.GetAccounts_ValidAccount_ReturnsEmptyAccountsList" computerName="Amiths-MBP" duration="00:00:00.0011689" startTime="2023-04-05T04:44:37.1817520-07:00" endTime="2023-04-05T04:44:37.1817520-07:00" testType="13cdc9d9-ddb5-4fa4-a97d-d965ccfc6d4b" outcome="Passed" testListId="8c84fa94-04c1-424b-9868-57a2d4851a1d" relativeResultsDirectory="898bfa16-d921-4dfa-8ec9-fbf5cd87d8ec" />
    <UnitTestResult executionId="a4f82a80-f523-498a-a714-01de1dc7c137" testId="92b80e78-ec98-fb35-1a33-67317e39f773" testName="BankingSystemModelingUnitTesting.BankingSystemUnitTests.DeleteAccount_AnyUser_AnyAccount_NonZeroBalanceInAccountToBeDeleted_Returns400BadRequestStatus(bankTransactionStatus: InvalidAccount)" computerName="Amiths-MBP" duration="00:00:00.0003222" startTime="2023-04-05T04:44:37.1816900-07:00" endTime="2023-04-05T04:44:37.1816900-07:00" testType="13cdc9d9-ddb5-4fa4-a97d-d965ccfc6d4b" outcome="Passed" testListId="8c84fa94-04c1-424b-9868-57a2d4851a1d" relativeResultsDirectory="a4f82a80-f523-498a-a714-01de1dc7c137" />
    <UnitTestResult executionId="7aed9cd1-3005-46af-a63f-ed64f75c5f58" testId="88a2dfe3-cfdf-e5d0-7426-5e4d3260de35" testName="BankingSystemModelingUnitTesting.BankingSystemUnitTests.BankingSystemTest_Get_ShouldReturn200OKStatus" computerName="Amiths-MBP" duration="00:00:00.0032417" startTime="2023-04-05T04:44:37.1813150-07:00" endTime="2023-04-05T04:44:37.1813150-07:00" testType="13cdc9d9-ddb5-4fa4-a97d-d965ccfc6d4b" outcome="Passed" testListId="8c84fa94-04c1-424b-9868-57a2d4851a1d" relativeResultsDirectory="7aed9cd1-3005-46af-a63f-ed64f75c5f58" />
    <UnitTestResult executionId="3b3bfe34-7466-43a3-8831-c63c90165e4c" testId="2c0aa89a-76bc-b7b9-cc26-3948552a005f" testName="BankingSystemModelingUnitTesting.BankingSystemUnitTests.Withdraw_ValidUser_ValidAccount_InvalidDepositAmount_Returns400BadRequestStatus(withdrawalStatus: InvalidAmount)" computerName="Amiths-MBP" duration="00:00:00.0004134" startTime="2023-04-05T04:44:37.1475160-07:00" endTime="2023-04-05T04:44:37.1475160-07:00" testType="13cdc9d9-ddb5-4fa4-a97d-d965ccfc6d4b" outcome="Passed" testListId="8c84fa94-04c1-424b-9868-57a2d4851a1d" relativeResultsDirectory="3b3bfe34-7466-43a3-8831-c63c90165e4c" />
    <UnitTestResult executionId="f06365e7-8134-48e5-b8fc-765d2ba82dbd" testId="f1f025ad-5b98-c1c3-096e-754ee6df3ce3" testName="BankingSystemModelingUnitTesting.BankingSystemUnitTests.DeleteAccount_ValidUser_ValidAccount_AnyBalanceAmount_Returns200OKStatus" computerName="Amiths-MBP" duration="00:00:00.0028831" startTime="2023-04-05T04:44:37.1394640-07:00" endTime="2023-04-05T04:44:37.1394640-07:00" testType="13cdc9d9-ddb5-4fa4-a97d-d965ccfc6d4b" outcome="Passed" testListId="8c84fa94-04c1-424b-9868-57a2d4851a1d" relativeResultsDirectory="f06365e7-8134-48e5-b8fc-765d2ba82dbd" />
    <UnitTestResult executionId="e3c7ff74-efa8-4f38-bf56-b0cc5d50e022" testId="1254e3d0-53a6-bed2-dc93-84efb8a06f1a" testName="BankingSystemModelingUnitTesting.BankingSystemUnitTests.CreateAccount_ValidUser_AccountReturnedWith200OKStatus" computerName="Amiths-MBP" duration="00:00:00.0028860" startTime="2023-04-05T04:44:37.1818110-07:00" endTime="2023-04-05T04:44:37.1818110-07:00" testType="13cdc9d9-ddb5-4fa4-a97d-d965ccfc6d4b" outcome="Passed" testListId="8c84fa94-04c1-424b-9868-57a2d4851a1d" relativeResultsDirectory="e3c7ff74-efa8-4f38-bf56-b0cc5d50e022" />
    <UnitTestResult executionId="71197eba-d80f-4d9d-a434-0e0daa7d9963" testId="187e598b-4620-449f-48a7-796db08a5fed" testName="BankingSystemModelingUnitTesting.BankingSystemUnitTests.BankingSystemTest_Get_ShouldReturn404NotFoundStatus" computerName="Amiths-MBP" duration="00:00:00.0003994" startTime="2023-04-05T04:44:37.1479580-07:00" endTime="2023-04-05T04:44:37.1479580-07:00" testType="13cdc9d9-ddb5-4fa4-a97d-d965ccfc6d4b" outcome="Passed" testListId="8c84fa94-04c1-424b-9868-57a2d4851a1d" relativeResultsDirectory="71197eba-d80f-4d9d-a434-0e0daa7d9963" />
    <UnitTestResult executionId="9facb960-f185-4b96-bf40-031cc73815d3" testId="c404eba1-7f8e-1c14-b509-eef6a8eb51e4" testName="BankingSystemModelingUnitTesting.BankingSystemUnitTests.Deposit_ValidUser_ValidAccount_Returns200OKStatus" computerName="Amiths-MBP" duration="00:00:00.0033660" startTime="2023-04-05T04:44:37.1401160-07:00" endTime="2023-04-05T04:44:37.1401160-07:00" testType="13cdc9d9-ddb5-4fa4-a97d-d965ccfc6d4b" outcome="Passed" testListId="8c84fa94-04c1-424b-9868-57a2d4851a1d" relativeResultsDirectory="9facb960-f185-4b96-bf40-031cc73815d3" />
    <UnitTestResult executionId="51239c50-92bc-463e-bbdd-857345d2f7cd" testId="5406d3e7-bc43-374c-3a43-ac97f882bb52" testName="BankingSystemModelingUnitTesting.BankingSystemUnitTests.CreateAccount_InvalidUser_Returns404NotFoundStatus" computerName="Amiths-MBP" duration="00:00:00.0004596" startTime="2023-04-05T04:44:37.1815590-07:00" endTime="2023-04-05T04:44:37.1815590-07:00" testType="13cdc9d9-ddb5-4fa4-a97d-d965ccfc6d4b" outcome="Passed" testListId="8c84fa94-04c1-424b-9868-57a2d4851a1d" relativeResultsDirectory="51239c50-92bc-463e-bbdd-857345d2f7cd" />
    <UnitTestResult executionId="6c1e8031-6540-4a9c-9f29-292c84bf9270" testId="de005d31-1c91-b2d3-b63b-b8da52e961ec" testName="BankingSystemModelingUnitTesting.BankingSystemUnitTests.Deposit_ValidUser_ValidAccount_InvalidDepositAmount_Returns400BadRequestStatus(depositStatus: InvalidAccount)" computerName="Amiths-MBP" duration="00:00:00.0004803" startTime="2023-04-05T04:44:37.1427670-07:00" endTime="2023-04-05T04:44:37.1427670-07:00" testType="13cdc9d9-ddb5-4fa4-a97d-d965ccfc6d4b" outcome="Passed" testListId="8c84fa94-04c1-424b-9868-57a2d4851a1d" relativeResultsDirectory="6c1e8031-6540-4a9c-9f29-292c84bf9270" />
  </Results>
  <TestDefinitions>
    <UnitTest name="BankingSystemModelingUnitTesting.BankingSystemUnitTests.Withdraw_ValidUser_ValidAccount_InvalidDepositAmount_Returns400BadRequestStatus(withdrawalStatus: InvalidAmount)" storage="/users/adeshpande/microservice/bankingsystemtest-main/bankingsystemmodelingunittesting/bin/release/net6.0/bankingsystemmodelingunittesting.dll" id="2c0aa89a-76bc-b7b9-cc26-3948552a005f">
      <Execution id="3b3bfe34-7466-43a3-8831-c63c90165e4c" />
      <TestMethod codeBase="/Users/adeshpande/microservice/bankingsystemtest-main/BankingSystemModelingUnitTesting/bin/Release/net6.0/BankingSystemModelingUnitTesting.dll" adapterTypeName="executor://xunit/VsTestRunner2/netcoreapp" className="BankingSystemModelingUnitTesting.BankingSystemUnitTests" name="Withdraw_ValidUser_ValidAccount_InvalidDepositAmount_Returns400BadRequestStatus" />
    </UnitTest>
    <UnitTest name="BankingSystemModelingUnitTesting.BankingSystemUnitTests.Withdraw_ValidUser_ValidAccount_ValidWithdrawAmount_Returns200OKStatus" storage="/users/adeshpande/microservice/bankingsystemtest-main/bankingsystemmodelingunittesting/bin/release/net6.0/bankingsystemmodelingunittesting.dll" id="7e2baa7f-2445-fefc-a1d8-edecf4a4a734">
      <Execution id="44ea30c6-9159-4189-8f78-dea31c8cda84" />
      <TestMethod codeBase="/Users/adeshpande/microservice/bankingsystemtest-main/BankingSystemModelingUnitTesting/bin/Release/net6.0/BankingSystemModelingUnitTesting.dll" adapterTypeName="executor://xunit/VsTestRunner2/netcoreapp" className="BankingSystemModelingUnitTesting.BankingSystemUnitTests" name="Withdraw_ValidUser_ValidAccount_ValidWithdrawAmount_Returns200OKStatus" />
    </UnitTest>
    <UnitTest name="BankingSystemModelingUnitTesting.BankingSystemUnitTests.DeleteAccount_ValidUser_ValidAccount_AnyBalanceAmount_Returns200OKStatus" storage="/users/adeshpande/microservice/bankingsystemtest-main/bankingsystemmodelingunittesting/bin/release/net6.0/bankingsystemmodelingunittesting.dll" id="f1f025ad-5b98-c1c3-096e-754ee6df3ce3">
      <Execution id="f06365e7-8134-48e5-b8fc-765d2ba82dbd" />
      <TestMethod codeBase="/Users/adeshpande/microservice/bankingsystemtest-main/BankingSystemModelingUnitTesting/bin/Release/net6.0/BankingSystemModelingUnitTesting.dll" adapterTypeName="executor://xunit/VsTestRunner2/netcoreapp" className="BankingSystemModelingUnitTesting.BankingSystemUnitTests" name="DeleteAccount_ValidUser_ValidAccount_AnyBalanceAmount_Returns200OKStatus" />
    </UnitTest>
    <UnitTest name="BankingSystemModelingUnitTesting.BankingSystemUnitTests.GetAccounts_InvalidAccount_Returns404NotFoundStatus" storage="/users/adeshpande/microservice/bankingsystemtest-main/bankingsystemmodelingunittesting/bin/release/net6.0/bankingsystemmodelingunittesting.dll" id="f9066448-9e2e-5ed4-2ca2-f902aaa079dc">
      <Execution id="b85a4e80-4db4-4ebc-8a50-c1207f6b14b6" />
      <TestMethod codeBase="/Users/adeshpande/microservice/bankingsystemtest-main/BankingSystemModelingUnitTesting/bin/Release/net6.0/BankingSystemModelingUnitTesting.dll" adapterTypeName="executor://xunit/VsTestRunner2/netcoreapp" className="BankingSystemModelingUnitTesting.BankingSystemUnitTests" name="GetAccounts_InvalidAccount_Returns404NotFoundStatus" />
    </UnitTest>
    <UnitTest name="BankingSystemModelingUnitTesting.BankingSystemUnitTests.Withdraw_ValidUser_ValidAccount_InvalidDepositAmount_Returns400BadRequestStatus(withdrawalStatus: InvalidAccount)" storage="/users/adeshpande/microservice/bankingsystemtest-main/bankingsystemmodelingunittesting/bin/release/net6.0/bankingsystemmodelingunittesting.dll" id="7a204d29-941c-7c73-240c-cc09f5f126a8">
      <Execution id="caa043fa-8661-49b3-8118-9cd43e4b85bd" />
      <TestMethod codeBase="/Users/adeshpande/microservice/bankingsystemtest-main/BankingSystemModelingUnitTesting/bin/Release/net6.0/BankingSystemModelingUnitTesting.dll" adapterTypeName="executor://xunit/VsTestRunner2/netcoreapp" className="BankingSystemModelingUnitTesting.BankingSystemUnitTests" name="Withdraw_ValidUser_ValidAccount_InvalidDepositAmount_Returns400BadRequestStatus" />
    </UnitTest>
    <UnitTest name="BankingSystemModelingUnitTesting.BankingSystemUnitTests.Deposit_ValidUser_ValidAccount_InvalidDepositAmount_Returns400BadRequestStatus(depositStatus: InvalidDepositAmount)" storage="/users/adeshpande/microservice/bankingsystemtest-main/bankingsystemmodelingunittesting/bin/release/net6.0/bankingsystemmodelingunittesting.dll" id="bed4b0d2-be9e-ac53-5585-3bf7b580bbf6">
      <Execution id="5fdc76e3-9ea7-42ce-aa9a-f4ab93b7d39d" />
      <TestMethod codeBase="/Users/adeshpande/microservice/bankingsystemtest-main/BankingSystemModelingUnitTesting/bin/Release/net6.0/BankingSystemModelingUnitTesting.dll" adapterTypeName="executor://xunit/VsTestRunner2/netcoreapp" className="BankingSystemModelingUnitTesting.BankingSystemUnitTests" name="Deposit_ValidUser_ValidAccount_InvalidDepositAmount_Returns400BadRequestStatus" />
    </UnitTest>
    <UnitTest name="BankingSystemModelingUnitTesting.BankingSystemUnitTests.CreateAccount_ValidUser_AccountReturnedWith200OKStatus" storage="/users/adeshpande/microservice/bankingsystemtest-main/bankingsystemmodelingunittesting/bin/release/net6.0/bankingsystemmodelingunittesting.dll" id="1254e3d0-53a6-bed2-dc93-84efb8a06f1a">
      <Execution id="e3c7ff74-efa8-4f38-bf56-b0cc5d50e022" />
      <TestMethod codeBase="/Users/adeshpande/microservice/bankingsystemtest-main/BankingSystemModelingUnitTesting/bin/Release/net6.0/BankingSystemModelingUnitTesting.dll" adapterTypeName="executor://xunit/VsTestRunner2/netcoreapp" className="BankingSystemModelingUnitTesting.BankingSystemUnitTests" name="CreateAccount_ValidUser_AccountReturnedWith200OKStatus" />
    </UnitTest>
    <UnitTest name="BankingSystemModelingUnitTesting.BankingSystemUnitTests.DeleteAccount_AnyUser_AnyAccount_NonZeroBalanceInAccountToBeDeleted_Returns400BadRequestStatus(bankTransactionStatus: InvalidAccount)" storage="/users/adeshpande/microservice/bankingsystemtest-main/bankingsystemmodelingunittesting/bin/release/net6.0/bankingsystemmodelingunittesting.dll" id="92b80e78-ec98-fb35-1a33-67317e39f773">
      <Execution id="a4f82a80-f523-498a-a714-01de1dc7c137" />
      <TestMethod codeBase="/Users/adeshpande/microservice/bankingsystemtest-main/BankingSystemModelingUnitTesting/bin/Release/net6.0/BankingSystemModelingUnitTesting.dll" adapterTypeName="executor://xunit/VsTestRunner2/netcoreapp" className="BankingSystemModelingUnitTesting.BankingSystemUnitTests" name="DeleteAccount_AnyUser_AnyAccount_NonZeroBalanceInAccountToBeDeleted_Returns400BadRequestStatus" />
    </UnitTest>
    <UnitTest name="BankingSystemModelingUnitTesting.BankingSystemUnitTests.BankingSystemTest_Get_ShouldCallDataSourceOnce" storage="/users/adeshpande/microservice/bankingsystemtest-main/bankingsystemmodelingunittesting/bin/release/net6.0/bankingsystemmodelingunittesting.dll" id="6d031505-34e9-0cfc-a2ad-2dc1ed7ce0ec">
      <Execution id="b76b910e-09af-407a-9171-1f56c14c5371" />
      <TestMethod codeBase="/Users/adeshpande/microservice/bankingsystemtest-main/BankingSystemModelingUnitTesting/bin/Release/net6.0/BankingSystemModelingUnitTesting.dll" adapterTypeName="executor://xunit/VsTestRunner2/netcoreapp" className="BankingSystemModelingUnitTesting.BankingSystemUnitTests" name="BankingSystemTest_Get_ShouldCallDataSourceOnce" />
    </UnitTest>
    <UnitTest name="BankingSystemModelingUnitTesting.BankingSystemUnitTests.DeleteAccount_AnyUser_AnyAccount_NonZeroBalanceInAccountToBeDeleted_Returns400BadRequestStatus(bankTransactionStatus: NonZeroBalance)" storage="/users/adeshpande/microservice/bankingsystemtest-main/bankingsystemmodelingunittesting/bin/release/net6.0/bankingsystemmodelingunittesting.dll" id="6222f215-46c1-be3c-ddb8-ad9284f850e1">
      <Execution id="a3c17a0c-af8f-4c2e-bc75-fb3f313e82c9" />
      <TestMethod codeBase="/Users/adeshpande/microservice/bankingsystemtest-main/BankingSystemModelingUnitTesting/bin/Release/net6.0/BankingSystemModelingUnitTesting.dll" adapterTypeName="executor://xunit/VsTestRunner2/netcoreapp" className="BankingSystemModelingUnitTesting.BankingSystemUnitTests" name="DeleteAccount_AnyUser_AnyAccount_NonZeroBalanceInAccountToBeDeleted_Returns400BadRequestStatus" />
    </UnitTest>
    <UnitTest name="BankingSystemModelingUnitTesting.BankingSystemUnitTests.Deposit_ValidUser_ValidAccount_InvalidDepositAmount_Returns400BadRequestStatus(depositStatus: InvalidData)" storage="/users/adeshpande/microservice/bankingsystemtest-main/bankingsystemmodelingunittesting/bin/release/net6.0/bankingsystemmodelingunittesting.dll" id="956c967e-7f66-6749-cfd4-da743d850d61">
      <Execution id="a0dedfc2-efa5-4817-9e17-e93927399b7e" />
      <TestMethod codeBase="/Users/adeshpande/microservice/bankingsystemtest-main/BankingSystemModelingUnitTesting/bin/Release/net6.0/BankingSystemModelingUnitTesting.dll" adapterTypeName="executor://xunit/VsTestRunner2/netcoreapp" className="BankingSystemModelingUnitTesting.BankingSystemUnitTests" name="Deposit_ValidUser_ValidAccount_InvalidDepositAmount_Returns400BadRequestStatus" />
    </UnitTest>
    <UnitTest name="BankingSystemModelingUnitTesting.BankingSystemUnitTests.CreateAccount_InvalidUser_Returns404NotFoundStatus" storage="/users/adeshpande/microservice/bankingsystemtest-main/bankingsystemmodelingunittesting/bin/release/net6.0/bankingsystemmodelingunittesting.dll" id="5406d3e7-bc43-374c-3a43-ac97f882bb52">
      <Execution id="51239c50-92bc-463e-bbdd-857345d2f7cd" />
      <TestMethod codeBase="/Users/adeshpande/microservice/bankingsystemtest-main/BankingSystemModelingUnitTesting/bin/Release/net6.0/BankingSystemModelingUnitTesting.dll" adapterTypeName="executor://xunit/VsTestRunner2/netcoreapp" className="BankingSystemModelingUnitTesting.BankingSystemUnitTests" name="CreateAccount_InvalidUser_Returns404NotFoundStatus" />
    </UnitTest>
    <UnitTest name="BankingSystemModelingUnitTesting.BankingSystemUnitTests.BankingSystemTest_Get_ShouldReturn200OKStatus" storage="/users/adeshpande/microservice/bankingsystemtest-main/bankingsystemmodelingunittesting/bin/release/net6.0/bankingsystemmodelingunittesting.dll" id="88a2dfe3-cfdf-e5d0-7426-5e4d3260de35">
      <Execution id="7aed9cd1-3005-46af-a63f-ed64f75c5f58" />
      <TestMethod codeBase="/Users/adeshpande/microservice/bankingsystemtest-main/BankingSystemModelingUnitTesting/bin/Release/net6.0/BankingSystemModelingUnitTesting.dll" adapterTypeName="executor://xunit/VsTestRunner2/netcoreapp" className="BankingSystemModelingUnitTesting.BankingSystemUnitTests" name="BankingSystemTest_Get_ShouldReturn200OKStatus" />
    </UnitTest>
    <UnitTest name="BankingSystemModelingUnitTesting.BankingSystemUnitTests.Deposit_ValidUser_ValidAccount_Returns200OKStatus" storage="/users/adeshpande/microservice/bankingsystemtest-main/bankingsystemmodelingunittesting/bin/release/net6.0/bankingsystemmodelingunittesting.dll" id="c404eba1-7f8e-1c14-b509-eef6a8eb51e4">
      <Execution id="9facb960-f185-4b96-bf40-031cc73815d3" />
      <TestMethod codeBase="/Users/adeshpande/microservice/bankingsystemtest-main/BankingSystemModelingUnitTesting/bin/Release/net6.0/BankingSystemModelingUnitTesting.dll" adapterTypeName="executor://xunit/VsTestRunner2/netcoreapp" className="BankingSystemModelingUnitTesting.BankingSystemUnitTests" name="Deposit_ValidUser_ValidAccount_Returns200OKStatus" />
    </UnitTest>
    <UnitTest name="BankingSystemModelingUnitTesting.BankingSystemUnitTests.GetAccounts_ValidAccount_ReturnsEmptyAccountsList" storage="/users/adeshpande/microservice/bankingsystemtest-main/bankingsystemmodelingunittesting/bin/release/net6.0/bankingsystemmodelingunittesting.dll" id="f9c54630-1cfc-362d-78e8-51e14782d0e1">
      <Execution id="898bfa16-d921-4dfa-8ec9-fbf5cd87d8ec" />
      <TestMethod codeBase="/Users/adeshpande/microservice/bankingsystemtest-main/BankingSystemModelingUnitTesting/bin/Release/net6.0/BankingSystemModelingUnitTesting.dll" adapterTypeName="executor://xunit/VsTestRunner2/netcoreapp" className="BankingSystemModelingUnitTesting.BankingSystemUnitTests" name="GetAccounts_ValidAccount_ReturnsEmptyAccountsList" />
    </UnitTest>
    <UnitTest name="BankingSystemModelingUnitTesting.BankingSystemUnitTests.BankingSystemTest_Get_ShouldReturn404NotFoundStatus" storage="/users/adeshpande/microservice/bankingsystemtest-main/bankingsystemmodelingunittesting/bin/release/net6.0/bankingsystemmodelingunittesting.dll" id="187e598b-4620-449f-48a7-796db08a5fed">
      <Execution id="71197eba-d80f-4d9d-a434-0e0daa7d9963" />
      <TestMethod codeBase="/Users/adeshpande/microservice/bankingsystemtest-main/BankingSystemModelingUnitTesting/bin/Release/net6.0/BankingSystemModelingUnitTesting.dll" adapterTypeName="executor://xunit/VsTestRunner2/netcoreapp" className="BankingSystemModelingUnitTesting.BankingSystemUnitTests" name="BankingSystemTest_Get_ShouldReturn404NotFoundStatus" />
    </UnitTest>
    <UnitTest name="BankingSystemModelingUnitTesting.BankingSystemUnitTests.Deposit_ValidUser_ValidAccount_InvalidDepositAmount_Returns400BadRequestStatus(depositStatus: InvalidAccount)" storage="/users/adeshpande/microservice/bankingsystemtest-main/bankingsystemmodelingunittesting/bin/release/net6.0/bankingsystemmodelingunittesting.dll" id="de005d31-1c91-b2d3-b63b-b8da52e961ec">
      <Execution id="6c1e8031-6540-4a9c-9f29-292c84bf9270" />
      <TestMethod codeBase="/Users/adeshpande/microservice/bankingsystemtest-main/BankingSystemModelingUnitTesting/bin/Release/net6.0/BankingSystemModelingUnitTesting.dll" adapterTypeName="executor://xunit/VsTestRunner2/netcoreapp" className="BankingSystemModelingUnitTesting.BankingSystemUnitTests" name="Deposit_ValidUser_ValidAccount_InvalidDepositAmount_Returns400BadRequestStatus" />
    </UnitTest>
  </TestDefinitions>
  <TestEntries>
    <TestEntry testId="7a204d29-941c-7c73-240c-cc09f5f126a8" executionId="caa043fa-8661-49b3-8118-9cd43e4b85bd" testListId="8c84fa94-04c1-424b-9868-57a2d4851a1d" />
    <TestEntry testId="6d031505-34e9-0cfc-a2ad-2dc1ed7ce0ec" executionId="b76b910e-09af-407a-9171-1f56c14c5371" testListId="8c84fa94-04c1-424b-9868-57a2d4851a1d" />
    <TestEntry testId="956c967e-7f66-6749-cfd4-da743d850d61" executionId="a0dedfc2-efa5-4817-9e17-e93927399b7e" testListId="8c84fa94-04c1-424b-9868-57a2d4851a1d" />
    <TestEntry testId="7e2baa7f-2445-fefc-a1d8-edecf4a4a734" executionId="44ea30c6-9159-4189-8f78-dea31c8cda84" testListId="8c84fa94-04c1-424b-9868-57a2d4851a1d" />
    <TestEntry testId="bed4b0d2-be9e-ac53-5585-3bf7b580bbf6" executionId="5fdc76e3-9ea7-42ce-aa9a-f4ab93b7d39d" testListId="8c84fa94-04c1-424b-9868-57a2d4851a1d" />
    <TestEntry testId="f9066448-9e2e-5ed4-2ca2-f902aaa079dc" executionId="b85a4e80-4db4-4ebc-8a50-c1207f6b14b6" testListId="8c84fa94-04c1-424b-9868-57a2d4851a1d" />
    <TestEntry testId="6222f215-46c1-be3c-ddb8-ad9284f850e1" executionId="a3c17a0c-af8f-4c2e-bc75-fb3f313e82c9" testListId="8c84fa94-04c1-424b-9868-57a2d4851a1d" />
    <TestEntry testId="f9c54630-1cfc-362d-78e8-51e14782d0e1" executionId="898bfa16-d921-4dfa-8ec9-fbf5cd87d8ec" testListId="8c84fa94-04c1-424b-9868-57a2d4851a1d" />
    <TestEntry testId="92b80e78-ec98-fb35-1a33-67317e39f773" executionId="a4f82a80-f523-498a-a714-01de1dc7c137" testListId="8c84fa94-04c1-424b-9868-57a2d4851a1d" />
    <TestEntry testId="88a2dfe3-cfdf-e5d0-7426-5e4d3260de35" executionId="7aed9cd1-3005-46af-a63f-ed64f75c5f58" testListId="8c84fa94-04c1-424b-9868-57a2d4851a1d" />
    <TestEntry testId="2c0aa89a-76bc-b7b9-cc26-3948552a005f" executionId="3b3bfe34-7466-43a3-8831-c63c90165e4c" testListId="8c84fa94-04c1-424b-9868-57a2d4851a1d" />
    <TestEntry testId="f1f025ad-5b98-c1c3-096e-754ee6df3ce3" executionId="f06365e7-8134-48e5-b8fc-765d2ba82dbd" testListId="8c84fa94-04c1-424b-9868-57a2d4851a1d" />
    <TestEntry testId="1254e3d0-53a6-bed2-dc93-84efb8a06f1a" executionId="e3c7ff74-efa8-4f38-bf56-b0cc5d50e022" testListId="8c84fa94-04c1-424b-9868-57a2d4851a1d" />
    <TestEntry testId="187e598b-4620-449f-48a7-796db08a5fed" executionId="71197eba-d80f-4d9d-a434-0e0daa7d9963" testListId="8c84fa94-04c1-424b-9868-57a2d4851a1d" />
    <TestEntry testId="c404eba1-7f8e-1c14-b509-eef6a8eb51e4" executionId="9facb960-f185-4b96-bf40-031cc73815d3" testListId="8c84fa94-04c1-424b-9868-57a2d4851a1d" />
    <TestEntry testId="5406d3e7-bc43-374c-3a43-ac97f882bb52" executionId="51239c50-92bc-463e-bbdd-857345d2f7cd" testListId="8c84fa94-04c1-424b-9868-57a2d4851a1d" />
    <TestEntry testId="de005d31-1c91-b2d3-b63b-b8da52e961ec" executionId="6c1e8031-6540-4a9c-9f29-292c84bf9270" testListId="8c84fa94-04c1-424b-9868-57a2d4851a1d" />
  </TestEntries>
  <TestLists>
    <TestList name="Results Not in a List" id="8c84fa94-04c1-424b-9868-57a2d4851a1d" />
    <TestList name="All Loaded Results" id="19431567-8539-422a-85d7-44ee4e166bda" />
  </TestLists>
  <ResultSummary outcome="Completed">
    <Counters total="17" executed="17" passed="17" failed="0" error="0" timeout="0" aborted="0" inconclusive="0" passedButRunAborted="0" notRunnable="0" notExecuted="0" disconnected="0" warning="0" completed="0" inProgress="0" pending="0" />
    <Output>
      <StdOut>[xUnit.net 00:00:00.00] xUnit.net VSTest Adapter v2.4.3+1b45f5407b (64-bit .NET 6.0.15)
[xUnit.net 00:00:00.97]   Discovering: BankingSystemModelingUnitTesting
[xUnit.net 00:00:01.05]   Discovered:  BankingSystemModelingUnitTesting
[xUnit.net 00:00:01.05]   Starting:    BankingSystemModelingUnitTesting
[xUnit.net 00:00:01.31]   Finished:    BankingSystemModelingUnitTesting
</StdOut>
    </Output>
  </ResultSummary>
</TestRun>